TN:
SF:src/app.ts
FNF:0
FNH:0
DA:7,1
DA:9,1
DA:10,1
DA:12,1
DA:13,1
LF:5
LH:5
BRF:0
BRH:0
end_of_record
TN:
SF:src/database.ts
FNF:0
FNH:0
DA:3,2
DA:4,2
LF:2
LH:2
BRF:0
BRH:0
end_of_record
TN:
SF:src/controllers/recommendationController.ts
FN:6,insert
FN:17,upvote
FN:25,downvote
FN:33,random
FN:39,get
FN:44,getTop
FN:51,getById
FNF:7
FNH:7
FNDA:2,insert
FNDA:1,upvote
FNDA:1,downvote
FNDA:1,random
FNDA:1,get
FNDA:1,getTop
FNDA:1,getById
DA:7,2
DA:8,2
DA:9,1
DA:12,1
DA:14,1
DA:18,1
DA:20,1
DA:22,1
DA:26,1
DA:28,1
DA:30,1
DA:34,1
DA:36,1
DA:40,1
DA:41,1
DA:45,1
DA:47,1
DA:48,1
DA:52,1
DA:54,1
DA:55,1
DA:58,1
LF:22
LH:22
BRDA:8,0,0,1
BRF:1
BRH:1
end_of_record
TN:
SF:src/middlewares/errorHandlerMiddleware.ts
FN:8,errorHandlerMiddleware
FNF:1
FNH:1
FNDA:1,errorHandlerMiddleware
DA:14,1
DA:16,1
DA:17,1
DA:20,0
LF:4
LH:3
BRDA:16,0,0,1
BRF:1
BRH:1
end_of_record
TN:
SF:src/repositories/recommendationRepository.ts
FN:5,create
FN:16,findAll
FN:26,getAmountByScore
FN:33,getFindAllFilter
FN:45,find
FN:51,findByName
FN:57,updateScore
FN:66,remove
FNF:8
FNH:7
FNDA:1,create
FNDA:3,findAll
FNDA:1,getAmountByScore
FNDA:3,getFindAllFilter
FNDA:3,find
FNDA:1,findByName
FNDA:2,updateScore
FNDA:0,remove
DA:6,1
DA:17,3
DA:19,3
DA:27,1
DA:36,3
DA:38,1
DA:40,1
DA:46,3
DA:52,1
DA:58,2
DA:67,0
DA:72,2
LF:12
LH:11
BRDA:36,0,0,2
BRF:1
BRH:1
end_of_record
TN:
SF:src/routers/recommendationRouter.ts
FNF:0
FNH:0
DA:4,1
DA:6,1
DA:7,1
DA:8,1
DA:9,1
DA:10,1
DA:11,1
DA:12,1
LF:8
LH:8
BRF:0
BRH:0
end_of_record
TN:
SF:src/schemas/recommendationsSchemas.ts
FNF:0
FNH:0
DA:4,1
DA:6,1
LF:2
LH:2
BRF:0
BRH:0
end_of_record
TN:
SF:src/services/recommendationsService.ts
FN:9,insert
FN:19,upvote
FN:25,downvote
FN:38,getByIdOrFail
FN:45,get
FN:49,getTop
FN:53,getRandom
FN:66,getByScore
FN:79,getScoreFilter
FNF:9
FNH:9
FNDA:2,insert
FNDA:2,upvote
FNDA:3,downvote
FNDA:6,getByIdOrFail
FNDA:1,get
FNDA:1,getTop
FNDA:2,getRandom
FNDA:3,getByScore
FNDA:4,getScoreFilter
DA:10,2
DA:13,2
DA:14,1
DA:16,1
DA:20,2
DA:22,1
DA:26,3
DA:28,2
DA:33,2
DA:34,1
DA:39,6
DA:40,6
DA:42,4
DA:46,1
DA:50,1
DA:54,2
DA:55,2
DA:57,2
DA:58,1
DA:59,0
DA:62,1
DA:63,1
DA:67,3
DA:72,3
DA:73,2
DA:76,1
DA:80,4
DA:81,3
DA:84,1
DA:87,2
LF:30
LH:29
BRDA:13,0,0,1
BRDA:33,1,0,1
BRDA:40,2,0,2
BRDA:58,3,0,0
BRDA:72,4,0,2
BRDA:80,5,0,3
BRF:6
BRH:5
end_of_record
TN:
SF:src/utils/errorUtils.ts
FN:7,isAppError
FN:11,errorTypeToStatusCode
FN:19,conflictError
FN:23,notFoundError
FN:27,unauthorizedError
FN:31,wrongSchemaError
FNF:6
FNH:5
FNDA:1,isAppError
FNDA:1,errorTypeToStatusCode
FNDA:1,conflictError
FNDA:2,notFoundError
FNDA:0,unauthorizedError
FNDA:1,wrongSchemaError
DA:8,1
DA:12,1
DA:13,1
DA:14,1
DA:15,1
DA:16,0
DA:20,1
DA:24,2
DA:28,0
DA:32,1
LF:10
LH:8
BRDA:12,0,0,0
BRDA:13,1,0,0
BRDA:14,2,0,0
BRDA:15,3,0,1
BRDA:20,4,0,1
BRDA:20,4,1,0
BRDA:20,5,0,1
BRDA:20,5,1,1
BRDA:24,6,0,0
BRDA:24,6,1,2
BRDA:24,7,0,2
BRDA:24,7,1,2
BRDA:28,8,0,0
BRDA:28,8,1,0
BRDA:28,9,0,0
BRDA:28,9,1,0
BRDA:32,10,0,0
BRDA:32,10,1,1
BRDA:32,11,0,1
BRDA:32,11,1,1
BRF:20
BRH:10
end_of_record
TN:
SF:test/factories/RecommendationFactory.ts
FN:7,createMockRecommendation
FN:17,createRecommendationBody
FN:25,createRecommendation
FN:37,createRecommendationWithCustomScore
FNF:4
FNH:4
FNDA:3,createMockRecommendation
FNDA:9,createRecommendationBody
FNDA:5,createRecommendation
FNDA:3,createRecommendationWithCustomScore
DA:8,3
DA:14,3
DA:18,9
DA:22,9
DA:26,5
DA:27,5
DA:34,5
DA:38,3
DA:39,3
DA:46,3
LF:10
LH:10
BRF:0
BRH:0
end_of_record
